d:\学习文档\算法设计与分析\数据结构与算法综合实验\lianliankan\llk\debug\vc141.pdb
d:\学习文档\算法设计与分析\数据结构与算法综合实验\lianliankan\llk\debug\vc141.idb
d:\学习文档\算法设计与分析\数据结构与算法综合实验\lianliankan\llk\debug\llk.obj
d:\学习文档\算法设计与分析\数据结构与算法综合实验\lianliankan\llk\debug\llk.pch
d:\学习文档\算法设计与分析\数据结构与算法综合实验\lianliankan\llk\debug\stdafx.obj
d:\学习文档\算法设计与分析\数据结构与算法综合实验\lianliankan\llk\debug\llkdlg.obj
d:\学习文档\算法设计与分析\数据结构与算法综合实验\lianliankan\llk\debug\cgamedlg.obj
d:\学习文档\算法设计与分析\数据结构与算法综合实验\lianliankan\llk\debug\llk.res
d:\学习文档\算法设计与分析\数据结构与算法综合实验\lianliankan\debug\llk.pdb
d:\学习文档\算法设计与分析\数据结构与算法综合实验\lianliankan\llk\debug\llk.tlog\cl.command.1.tlog
d:\学习文档\算法设计与分析\数据结构与算法综合实验\lianliankan\llk\debug\llk.tlog\cl.read.1.tlog
d:\学习文档\算法设计与分析\数据结构与算法综合实验\lianliankan\llk\debug\llk.tlog\cl.write.1.tlog
d:\学习文档\算法设计与分析\数据结构与算法综合实验\lianliankan\llk\debug\llk.tlog\link-cvtres.read.1.tlog
d:\学习文档\算法设计与分析\数据结构与算法综合实验\lianliankan\llk\debug\llk.tlog\link-cvtres.write.1.tlog
d:\学习文档\算法设计与分析\数据结构与算法综合实验\lianliankan\llk\debug\llk.tlog\link-mt.read.1.tlog
d:\学习文档\算法设计与分析\数据结构与算法综合实验\lianliankan\llk\debug\llk.tlog\link-mt.write.1.tlog
d:\学习文档\算法设计与分析\数据结构与算法综合实验\lianliankan\llk\debug\llk.tlog\link-rc.read.1.tlog
d:\学习文档\算法设计与分析\数据结构与算法综合实验\lianliankan\llk\debug\llk.tlog\link-rc.write.1.tlog
d:\学习文档\算法设计与分析\数据结构与算法综合实验\lianliankan\llk\debug\llk.tlog\link.12428-cvtres.read.1.tlog
d:\学习文档\算法设计与分析\数据结构与算法综合实验\lianliankan\llk\debug\llk.tlog\link.12428-cvtres.write.1.tlog
d:\学习文档\算法设计与分析\数据结构与算法综合实验\lianliankan\llk\debug\llk.tlog\link.12428-mt.read.1.tlog
d:\学习文档\算法设计与分析\数据结构与算法综合实验\lianliankan\llk\debug\llk.tlog\link.12428-mt.write.1.tlog
d:\学习文档\算法设计与分析\数据结构与算法综合实验\lianliankan\llk\debug\llk.tlog\link.12428-rc.read.1.tlog
d:\学习文档\算法设计与分析\数据结构与算法综合实验\lianliankan\llk\debug\llk.tlog\link.12428-rc.write.1.tlog
d:\学习文档\算法设计与分析\数据结构与算法综合实验\lianliankan\llk\debug\llk.tlog\link.12428.read.1.tlog
d:\学习文档\算法设计与分析\数据结构与算法综合实验\lianliankan\llk\debug\llk.tlog\link.12428.write.1.tlog
d:\学习文档\算法设计与分析\数据结构与算法综合实验\lianliankan\llk\debug\llk.tlog\link.command.1.tlog
d:\学习文档\算法设计与分析\数据结构与算法综合实验\lianliankan\llk\debug\llk.tlog\link.read.1.tlog
d:\学习文档\算法设计与分析\数据结构与算法综合实验\lianliankan\llk\debug\llk.tlog\link.write.1.tlog
d:\学习文档\算法设计与分析\数据结构与算法综合实验\lianliankan\llk\debug\llk.tlog\rc.command.1.tlog
d:\学习文档\算法设计与分析\数据结构与算法综合实验\lianliankan\llk\debug\llk.tlog\rc.read.1.tlog
d:\学习文档\算法设计与分析\数据结构与算法综合实验\lianliankan\llk\debug\llk.tlog\rc.write.1.tlog
