  stdafx.cpp
  GameControl.cpp
d:\学习文档\算法设计与分析\数据结构与算法综合实验\lianliankan3ff\llk\gamecontrol.h(2): warning C4067: 预处理器指令后有意外标记 - 应输入换行符
d:\学习文档\算法设计与分析\数据结构与算法综合实验\lianliankan3ff\llk\gamelogic.h(2): warning C4067: 预处理器指令后有意外标记 - 应输入换行符
d:\学习文档\算法设计与分析\数据结构与算法综合实验\lianliankan3ff\llk\gamelogic.h(3): warning C4067: 预处理器指令后有意外标记 - 应输入换行符
  GameDlg.cpp
d:\学习文档\算法设计与分析\数据结构与算法综合实验\lianliankan3ff\llk\gamecontrol.h(2): warning C4067: 预处理器指令后有意外标记 - 应输入换行符
d:\学习文档\算法设计与分析\数据结构与算法综合实验\lianliankan3ff\llk\gamelogic.h(2): warning C4067: 预处理器指令后有意外标记 - 应输入换行符
d:\学习文档\算法设计与分析\数据结构与算法综合实验\lianliankan3ff\llk\gamelogic.h(3): warning C4067: 预处理器指令后有意外标记 - 应输入换行符
  GameLogic.cpp
d:\学习文档\算法设计与分析\数据结构与算法综合实验\lianliankan3ff\llk\gamelogic.h(2): warning C4067: 预处理器指令后有意外标记 - 应输入换行符
d:\学习文档\算法设计与分析\数据结构与算法综合实验\lianliankan3ff\llk\gamelogic.h(3): warning C4067: 预处理器指令后有意外标记 - 应输入换行符
  Graph.cpp
  LLK.cpp
  LLKDlg.cpp
d:\学习文档\算法设计与分析\数据结构与算法综合实验\lianliankan3ff\llk\gamecontrol.h(2): warning C4067: 预处理器指令后有意外标记 - 应输入换行符
d:\学习文档\算法设计与分析\数据结构与算法综合实验\lianliankan3ff\llk\gamelogic.h(2): warning C4067: 预处理器指令后有意外标记 - 应输入换行符
d:\学习文档\算法设计与分析\数据结构与算法综合实验\lianliankan3ff\llk\gamelogic.h(3): warning C4067: 预处理器指令后有意外标记 - 应输入换行符
  正在生成代码...
  LLK.vcxproj -> D:\学习文档\算法设计与分析\数据结构与算法综合实验\Lianliankan3FF\Debug\LLK.exe
